12:04:30.579 [main] ERROR com.alibaba.druid.pool.DruidDataSource - testWhileIdle is true, validationQuery not set
12:04:51.819 [Druid-ConnectionPool-Create-1578959831] WARN  org.apache.hive.jdbc.HiveConnection - Failed to connect to 192.168.133.101:10000
12:04:51.819 [Druid-ConnectionPool-Create-1578959831] ERROR com.alibaba.druid.pool.DruidDataSource - create connection SQLException, url: jdbc:hive2://192.168.133.101:10000/, errorCode 0, state  08S01
java.sql.SQLException: Could not open client transport with JDBC Uri: jdbc:hive2://192.168.133.101:10000/: java.net.ConnectException: Connection timed out: connect
	at org.apache.hive.jdbc.HiveConnection.<init>(HiveConnection.java:224) ~[hive-jdbc-2.3.0.jar:2.3.0]
	at org.apache.hive.jdbc.HiveDriver.connect(HiveDriver.java:107) ~[hive-jdbc-2.3.0.jar:2.3.0]
	at com.alibaba.druid.pool.DruidAbstractDataSource.createPhysicalConnection(DruidAbstractDataSource.java:1513) ~[druid-1.1.9.jar:1.1.9]
	at com.alibaba.druid.pool.DruidAbstractDataSource.createPhysicalConnection(DruidAbstractDataSource.java:1578) ~[druid-1.1.9.jar:1.1.9]
	at com.alibaba.druid.pool.DruidDataSource$CreateConnectionThread.run(DruidDataSource.java:2466) [druid-1.1.9.jar:1.1.9]
Caused by: org.apache.thrift.transport.TTransportException: java.net.ConnectException: Connection timed out: connect
	at org.apache.thrift.transport.TSocket.open(TSocket.java:226) ~[libthrift-0.9.3.jar:0.9.3]
	at org.apache.thrift.transport.TSaslTransport.open(TSaslTransport.java:266) ~[libthrift-0.9.3.jar:0.9.3]
	at org.apache.thrift.transport.TSaslClientTransport.open(TSaslClientTransport.java:37) ~[libthrift-0.9.3.jar:0.9.3]
	at org.apache.hive.jdbc.HiveConnection.openTransport(HiveConnection.java:311) ~[hive-jdbc-2.3.0.jar:2.3.0]
	at org.apache.hive.jdbc.HiveConnection.<init>(HiveConnection.java:196) ~[hive-jdbc-2.3.0.jar:2.3.0]
	... 4 more
Caused by: java.net.ConnectException: Connection timed out: connect
	at java.net.DualStackPlainSocketImpl.connect0(Native Method) ~[?:1.8.0_65]
	at java.net.DualStackPlainSocketImpl.socketConnect(DualStackPlainSocketImpl.java:79) ~[?:1.8.0_65]
	at java.net.AbstractPlainSocketImpl.doConnect(AbstractPlainSocketImpl.java:350) ~[?:1.8.0_65]
	at java.net.AbstractPlainSocketImpl.connectToAddress(AbstractPlainSocketImpl.java:206) ~[?:1.8.0_65]
	at java.net.AbstractPlainSocketImpl.connect(AbstractPlainSocketImpl.java:188) ~[?:1.8.0_65]
	at java.net.PlainSocketImpl.connect(PlainSocketImpl.java:172) ~[?:1.8.0_65]
	at java.net.SocksSocketImpl.connect(SocksSocketImpl.java:392) ~[?:1.8.0_65]
	at java.net.Socket.connect(Socket.java:589) ~[?:1.8.0_65]
	at org.apache.thrift.transport.TSocket.open(TSocket.java:221) ~[libthrift-0.9.3.jar:0.9.3]
	at org.apache.thrift.transport.TSaslTransport.open(TSaslTransport.java:266) ~[libthrift-0.9.3.jar:0.9.3]
	at org.apache.thrift.transport.TSaslClientTransport.open(TSaslClientTransport.java:37) ~[libthrift-0.9.3.jar:0.9.3]
	at org.apache.hive.jdbc.HiveConnection.openTransport(HiveConnection.java:311) ~[hive-jdbc-2.3.0.jar:2.3.0]
	at org.apache.hive.jdbc.HiveConnection.<init>(HiveConnection.java:196) ~[hive-jdbc-2.3.0.jar:2.3.0]
	... 4 more
